<?xml version="1.0" encoding="UTF-8"?>
<!-- Generated by org.testng.reporters.JUnitReportReporter -->
<testsuite hostname="Basits-MacBook-Pro.local" failures="0" tests="1" name="completeCode.AddToCartSecondTest" time="4.826" errors="0" timestamp="2024-09-03T21:49:36 PKT" skipped="0">
  <testcase classname="completeCode.AddToCartSecondTest" name="LoginTest" time="4.826"/>
</testsuite> <!-- completeCode.AddToCartSecondTest -->
