<?xml version="1.0" encoding="UTF-8"?>
<!-- Generated by org.testng.reporters.JUnitReportReporter -->
<testsuite hostname="Basits-MacBook-Pro.local" failures="0" tests="2" name="completeCode.AddToCart" time="15.878" errors="0" timestamp="2024-09-03T21:49:36 PKT" skipped="0">
  <testcase classname="completeCode.AddToCart" name="cartTest" time="8.041"/>
  <testcase classname="completeCode.AddToCart" name="cartTest" time="7.837"/>
</testsuite> <!-- completeCode.AddToCart -->
