<?xml version="1.0" encoding="UTF-8"?>
<!-- Generated by org.testng.reporters.JUnitReportReporter -->
<testsuite hostname="Basits-MacBook-Pro.local" failures="0" tests="2" name="completeCode.AddToCart" time="15.200" errors="0" timestamp="2024-09-03T18:15:19 PKT" skipped="0">
  <testcase classname="completeCode.AddToCart" name="cartTest" time="7.797"/>
  <testcase classname="completeCode.AddToCart" name="cartTest" time="7.403"/>
</testsuite> <!-- completeCode.AddToCart -->
